{
  "0 debug pnpm:scope": {
    "selected": 1
  },
  "1 info pnpm": {
    "message": "Using hooks from: D:\\Projekty_Java\\Spring_Boot_2\\hosting zdjec\\pnpmfile.js",
    "prefix": "D:\\Projekty_Java\\Spring_Boot_2\\hosting zdjec"
  },
  "2 info pnpm": {
    "message": "readPackage hook is declared. Manifests of dependencies might get overridden",
    "prefix": "D:\\Projekty_Java\\Spring_Boot_2\\hosting zdjec"
  },
  "3 debug pnpm:package-manifest": {
    "initial": {
      "name": "no-name",
      "license": "UNLICENSED",
      "dependencies": {
        "@polymer/iron-icon": "3.0.1",
        "@polymer/iron-list": "3.1.0",
        "@polymer/polymer": "3.2.0",
        "@vaadin/accordion": "22.0.0",
        "@vaadin/app-layout": "22.0.0",
        "@vaadin/avatar": "22.0.0",
        "@vaadin/avatar-group": "22.0.0",
        "@vaadin/button": "22.0.0",
        "@vaadin/checkbox": "22.0.0",
        "@vaadin/checkbox-group": "22.0.0",
        "@vaadin/combo-box": "22.0.0",
        "@vaadin/common-frontend": "0.0.17",
        "@vaadin/context-menu": "22.0.0",
        "@vaadin/custom-field": "22.0.0",
        "@vaadin/date-picker": "22.0.0",
        "@vaadin/date-time-picker": "22.0.0",
        "@vaadin/details": "22.0.0",
        "@vaadin/dialog": "22.0.0",
        "@vaadin/email-field": "22.0.0",
        "@vaadin/flow-frontend": "./target/flow-frontend",
        "@vaadin/form": "0.0.15",
        "@vaadin/form-layout": "22.0.0",
        "@vaadin/fusion-frontend": "0.0.15",
        "@vaadin/grid": "22.0.0",
        "@vaadin/horizontal-layout": "22.0.0",
        "@vaadin/icon": "22.0.0",
        "@vaadin/icons": "22.0.0",
        "@vaadin/integer-field": "22.0.0",
        "@vaadin/item": "22.0.0",
        "@vaadin/list-box": "22.0.0",
        "@vaadin/login": "22.0.0",
        "@vaadin/menu-bar": "22.0.0",
        "@vaadin/message-input": "22.0.0",
        "@vaadin/message-list": "22.0.0",
        "@vaadin/notification": "22.0.0",
        "@vaadin/number-field": "22.0.0",
        "@vaadin/password-field": "22.0.0",
        "@vaadin/polymer-legacy-adapter": "22.0.0",
        "@vaadin/progress-bar": "22.0.0",
        "@vaadin/radio-group": "22.0.0",
        "@vaadin/router": "1.7.4",
        "@vaadin/scroller": "22.0.0",
        "@vaadin/select": "22.0.0",
        "@vaadin/split-layout": "22.0.0",
        "@vaadin/tabs": "22.0.0",
        "@vaadin/text-area": "22.0.0",
        "@vaadin/text-field": "22.0.0",
        "@vaadin/time-picker": "22.0.0",
        "@vaadin/upload": "22.0.0",
        "@vaadin/vaadin-accordion": "22.0.0",
        "@vaadin/vaadin-app-layout": "22.0.0",
        "@vaadin/vaadin-avatar": "22.0.0",
        "@vaadin/vaadin-button": "22.0.0",
        "@vaadin/vaadin-checkbox": "22.0.0",
        "@vaadin/vaadin-combo-box": "22.0.0",
        "@vaadin/vaadin-context-menu": "22.0.0",
        "@vaadin/vaadin-core-shrinkwrap": "22.0.0",
        "@vaadin/vaadin-custom-field": "22.0.0",
        "@vaadin/vaadin-date-picker": "22.0.0",
        "@vaadin/vaadin-date-time-picker": "22.0.0",
        "@vaadin/vaadin-details": "22.0.0",
        "@vaadin/vaadin-dialog": "22.0.0",
        "@vaadin/vaadin-form-layout": "22.0.0",
        "@vaadin/vaadin-grid": "22.0.0",
        "@vaadin/vaadin-icon": "22.0.0",
        "@vaadin/vaadin-icons": "22.0.0",
        "@vaadin/vaadin-item": "22.0.0",
        "@vaadin/vaadin-list-box": "22.0.0",
        "@vaadin/vaadin-login": "22.0.0",
        "@vaadin/vaadin-lumo-styles": "22.0.0",
        "@vaadin/vaadin-material-styles": "22.0.0",
        "@vaadin/vaadin-menu-bar": "22.0.0",
        "@vaadin/vaadin-messages": "22.0.0",
        "@vaadin/vaadin-notification": "22.0.0",
        "@vaadin/vaadin-ordered-layout": "22.0.0",
        "@vaadin/vaadin-progress-bar": "22.0.0",
        "@vaadin/vaadin-radio-button": "22.0.0",
        "@vaadin/vaadin-select": "22.0.0",
        "@vaadin/vaadin-split-layout": "22.0.0",
        "@vaadin/vaadin-tabs": "22.0.0",
        "@vaadin/vaadin-text-field": "22.0.0",
        "@vaadin/vaadin-themable-mixin": "22.0.0",
        "@vaadin/vaadin-time-picker": "22.0.0",
        "@vaadin/vaadin-upload": "22.0.0",
        "@vaadin/vaadin-virtual-list": "22.0.0",
        "@vaadin/vertical-layout": "22.0.0",
        "@vaadin/virtual-list": "22.0.0",
        "construct-style-sheets-polyfill": "3.0.4",
        "date-fns": "2.23.0",
        "lit": "2.0.0"
      },
      "devDependencies": {
        "@vaadin/application-theme-plugin": "./target/plugins/application-theme-plugin",
        "@vaadin/build-status-plugin": "./target/plugins/build-status-plugin",
        "@vaadin/theme-live-reload-plugin": "./target/plugins/theme-live-reload-plugin",
        "@vaadin/theme-loader": "./target/plugins/theme-loader",
        "chokidar": "^3.5.0",
        "compression-webpack-plugin": "4.0.1",
        "css-loader": "4.2.1",
        "esbuild-loader": "2.15.1",
        "extra-watch-webpack-plugin": "1.0.3",
        "extract-loader": "5.1.0",
        "file-loader": "6.2.0",
        "fork-ts-checker-webpack-plugin": "6.2.1",
        "glob": "7.1.6",
        "html-webpack-plugin": "4.5.1",
        "lit-css-loader": "0.1.0",
        "loader-utils": "2.0.0",
        "typescript": "4.4.3",
        "webpack": "4.46.0",
        "webpack-cli": "4.9.0",
        "webpack-dev-server": "4.1.1",
        "webpack-merge": "4.2.2",
        "workbox-core": "6.2.0",
        "workbox-precaching": "6.2.0",
        "workbox-webpack-plugin": "6.2.0"
      },
      "vaadin": {
        "dependencies": {
          "@polymer/iron-icon": "3.0.1",
          "@polymer/iron-list": "3.1.0",
          "@polymer/polymer": "3.2.0",
          "@vaadin/accordion": "22.0.0",
          "@vaadin/app-layout": "22.0.0",
          "@vaadin/avatar": "22.0.0",
          "@vaadin/avatar-group": "22.0.0",
          "@vaadin/button": "22.0.0",
          "@vaadin/checkbox": "22.0.0",
          "@vaadin/checkbox-group": "22.0.0",
          "@vaadin/combo-box": "22.0.0",
          "@vaadin/common-frontend": "0.0.17",
          "@vaadin/context-menu": "22.0.0",
          "@vaadin/custom-field": "22.0.0",
          "@vaadin/date-picker": "22.0.0",
          "@vaadin/date-time-picker": "22.0.0",
          "@vaadin/details": "22.0.0",
          "@vaadin/dialog": "22.0.0",
          "@vaadin/email-field": "22.0.0",
          "@vaadin/form": "0.0.15",
          "@vaadin/form-layout": "22.0.0",
          "@vaadin/fusion-frontend": "0.0.15",
          "@vaadin/grid": "22.0.0",
          "@vaadin/horizontal-layout": "22.0.0",
          "@vaadin/icon": "22.0.0",
          "@vaadin/icons": "22.0.0",
          "@vaadin/integer-field": "22.0.0",
          "@vaadin/item": "22.0.0",
          "@vaadin/list-box": "22.0.0",
          "@vaadin/login": "22.0.0",
          "@vaadin/menu-bar": "22.0.0",
          "@vaadin/message-input": "22.0.0",
          "@vaadin/message-list": "22.0.0",
          "@vaadin/notification": "22.0.0",
          "@vaadin/number-field": "22.0.0",
          "@vaadin/password-field": "22.0.0",
          "@vaadin/polymer-legacy-adapter": "22.0.0",
          "@vaadin/progress-bar": "22.0.0",
          "@vaadin/radio-group": "22.0.0",
          "@vaadin/router": "1.7.4",
          "@vaadin/scroller": "22.0.0",
          "@vaadin/select": "22.0.0",
          "@vaadin/split-layout": "22.0.0",
          "@vaadin/tabs": "22.0.0",
          "@vaadin/text-area": "22.0.0",
          "@vaadin/text-field": "22.0.0",
          "@vaadin/time-picker": "22.0.0",
          "@vaadin/upload": "22.0.0",
          "@vaadin/vaadin-accordion": "22.0.0",
          "@vaadin/vaadin-app-layout": "22.0.0",
          "@vaadin/vaadin-avatar": "22.0.0",
          "@vaadin/vaadin-button": "22.0.0",
          "@vaadin/vaadin-checkbox": "22.0.0",
          "@vaadin/vaadin-combo-box": "22.0.0",
          "@vaadin/vaadin-context-menu": "22.0.0",
          "@vaadin/vaadin-core-shrinkwrap": "22.0.0",
          "@vaadin/vaadin-custom-field": "22.0.0",
          "@vaadin/vaadin-date-picker": "22.0.0",
          "@vaadin/vaadin-date-time-picker": "22.0.0",
          "@vaadin/vaadin-details": "22.0.0",
          "@vaadin/vaadin-dialog": "22.0.0",
          "@vaadin/vaadin-form-layout": "22.0.0",
          "@vaadin/vaadin-grid": "22.0.0",
          "@vaadin/vaadin-icon": "22.0.0",
          "@vaadin/vaadin-icons": "22.0.0",
          "@vaadin/vaadin-item": "22.0.0",
          "@vaadin/vaadin-list-box": "22.0.0",
          "@vaadin/vaadin-login": "22.0.0",
          "@vaadin/vaadin-lumo-styles": "22.0.0",
          "@vaadin/vaadin-material-styles": "22.0.0",
          "@vaadin/vaadin-menu-bar": "22.0.0",
          "@vaadin/vaadin-messages": "22.0.0",
          "@vaadin/vaadin-notification": "22.0.0",
          "@vaadin/vaadin-ordered-layout": "22.0.0",
          "@vaadin/vaadin-progress-bar": "22.0.0",
          "@vaadin/vaadin-radio-button": "22.0.0",
          "@vaadin/vaadin-select": "22.0.0",
          "@vaadin/vaadin-split-layout": "22.0.0",
          "@vaadin/vaadin-tabs": "22.0.0",
          "@vaadin/vaadin-text-field": "22.0.0",
          "@vaadin/vaadin-themable-mixin": "22.0.0",
          "@vaadin/vaadin-time-picker": "22.0.0",
          "@vaadin/vaadin-upload": "22.0.0",
          "@vaadin/vaadin-virtual-list": "22.0.0",
          "@vaadin/vertical-layout": "22.0.0",
          "@vaadin/virtual-list": "22.0.0",
          "construct-style-sheets-polyfill": "3.0.4",
          "date-fns": "2.23.0",
          "lit": "2.0.0"
        },
        "devDependencies": {
          "chokidar": "^3.5.0",
          "compression-webpack-plugin": "4.0.1",
          "css-loader": "4.2.1",
          "esbuild-loader": "2.15.1",
          "extra-watch-webpack-plugin": "1.0.3",
          "extract-loader": "5.1.0",
          "file-loader": "6.2.0",
          "fork-ts-checker-webpack-plugin": "6.2.1",
          "glob": "7.1.6",
          "html-webpack-plugin": "4.5.1",
          "lit-css-loader": "0.1.0",
          "loader-utils": "2.0.0",
          "typescript": "4.4.3",
          "webpack": "4.46.0",
          "webpack-cli": "4.9.0",
          "webpack-dev-server": "4.1.1",
          "webpack-merge": "4.2.2",
          "workbox-core": "6.2.0",
          "workbox-precaching": "6.2.0",
          "workbox-webpack-plugin": "6.2.0"
        },
        "hash": "7d75c19123b1fa054d831b8d75de369c68f35c40eb4e4b842f114fb49ee657cc"
      },
      "overrides": {
        "@vaadin/bundles": "$@vaadin/bundles",
        "@vaadin/accordion": "$@vaadin/accordion",
        "@vaadin/app-layout": "$@vaadin/app-layout",
        "@vaadin/avatar": "$@vaadin/avatar",
        "@vaadin/avatar-group": "$@vaadin/avatar-group",
        "@vaadin/button": "$@vaadin/button",
        "@vaadin/checkbox": "$@vaadin/checkbox",
        "@vaadin/checkbox-group": "$@vaadin/checkbox-group",
        "@vaadin/combo-box": "$@vaadin/combo-box",
        "@vaadin/component-base": "$@vaadin/component-base",
        "@vaadin/context-menu": "$@vaadin/context-menu",
        "@vaadin/custom-field": "$@vaadin/custom-field",
        "@vaadin/date-picker": "$@vaadin/date-picker",
        "@vaadin/date-time-picker": "$@vaadin/date-time-picker",
        "@vaadin/details": "$@vaadin/details",
        "@vaadin/dialog": "$@vaadin/dialog",
        "@vaadin/email-field": "$@vaadin/email-field",
        "@vaadin/field-base": "$@vaadin/field-base",
        "@vaadin/field-highlighter": "$@vaadin/field-highlighter",
        "@vaadin/form-layout": "$@vaadin/form-layout",
        "@vaadin/grid": "$@vaadin/grid",
        "@vaadin/horizontal-layout": "$@vaadin/horizontal-layout",
        "@vaadin/icon": "$@vaadin/icon",
        "@vaadin/icons": "$@vaadin/icons",
        "@vaadin/input-container": "$@vaadin/input-container",
        "@vaadin/integer-field": "$@vaadin/integer-field",
        "@polymer/iron-icon": "$@polymer/iron-icon",
        "@polymer/iron-iconset-svg": "$@polymer/iron-iconset-svg",
        "@polymer/iron-list": "$@polymer/iron-list",
        "@polymer/iron-meta": "$@polymer/iron-meta",
        "@polymer/iron-resizable-behavior": "$@polymer/iron-resizable-behavior",
        "@vaadin/item": "$@vaadin/item",
        "@vaadin/list-box": "$@vaadin/list-box",
        "@vaadin/login": "$@vaadin/login",
        "@vaadin/menu-bar": "$@vaadin/menu-bar",
        "@vaadin/message-input": "$@vaadin/message-input",
        "@vaadin/message-list": "$@vaadin/message-list",
        "@vaadin/notification": "$@vaadin/notification",
        "@vaadin/number-field": "$@vaadin/number-field",
        "@vaadin/password-field": "$@vaadin/password-field",
        "@vaadin/polymer-legacy-adapter": "$@vaadin/polymer-legacy-adapter",
        "@vaadin/progress-bar": "$@vaadin/progress-bar",
        "@vaadin/radio-group": "$@vaadin/radio-group",
        "@vaadin/scroller": "$@vaadin/scroller",
        "@vaadin/select": "$@vaadin/select",
        "@vaadin/split-layout": "$@vaadin/split-layout",
        "@vaadin/tabs": "$@vaadin/tabs",
        "@vaadin/text-area": "$@vaadin/text-area",
        "@vaadin/text-field": "$@vaadin/text-field",
        "@vaadin/time-picker": "$@vaadin/time-picker",
        "@vaadin/upload": "$@vaadin/upload",
        "@vaadin/vaadin-accordion": "$@vaadin/vaadin-accordion",
        "@vaadin/vaadin-app-layout": "$@vaadin/vaadin-app-layout",
        "@vaadin/vaadin-avatar": "$@vaadin/vaadin-avatar",
        "@vaadin/vaadin-button": "$@vaadin/vaadin-button",
        "@vaadin/vaadin-checkbox": "$@vaadin/vaadin-checkbox",
        "@vaadin/vaadin-combo-box": "$@vaadin/vaadin-combo-box",
        "@vaadin/vaadin-context-menu": "$@vaadin/vaadin-context-menu",
        "@vaadin/vaadin-custom-field": "$@vaadin/vaadin-custom-field",
        "@vaadin/vaadin-date-picker": "$@vaadin/vaadin-date-picker",
        "@vaadin/vaadin-date-time-picker": "$@vaadin/vaadin-date-time-picker",
        "@vaadin/vaadin-details": "$@vaadin/vaadin-details",
        "@vaadin/vaadin-development-mode-detector": "$@vaadin/vaadin-development-mode-detector",
        "@vaadin/vaadin-dialog": "$@vaadin/vaadin-dialog",
        "@vaadin/vaadin-form-layout": "$@vaadin/vaadin-form-layout",
        "@vaadin/vaadin-grid": "$@vaadin/vaadin-grid",
        "@vaadin/vaadin-icon": "$@vaadin/vaadin-icon",
        "@vaadin/vaadin-icons": "$@vaadin/vaadin-icons",
        "@vaadin/vaadin-item": "$@vaadin/vaadin-item",
        "@vaadin/vaadin-list-box": "$@vaadin/vaadin-list-box",
        "@vaadin/vaadin-list-mixin": "$@vaadin/vaadin-list-mixin",
        "@vaadin/vaadin-login": "$@vaadin/vaadin-login",
        "@vaadin/vaadin-lumo-styles": "$@vaadin/vaadin-lumo-styles",
        "@vaadin/vaadin-material-styles": "$@vaadin/vaadin-material-styles",
        "@vaadin/vaadin-menu-bar": "$@vaadin/vaadin-menu-bar",
        "@vaadin/vaadin-messages": "$@vaadin/vaadin-messages",
        "@vaadin/vaadin-notification": "$@vaadin/vaadin-notification",
        "@vaadin/vaadin-ordered-layout": "$@vaadin/vaadin-ordered-layout",
        "@vaadin/vaadin-overlay": "$@vaadin/vaadin-overlay",
        "@vaadin/vaadin-progress-bar": "$@vaadin/vaadin-progress-bar",
        "@vaadin/vaadin-radio-button": "$@vaadin/vaadin-radio-button",
        "@vaadin/router": "$@vaadin/router",
        "@vaadin/vaadin-select": "$@vaadin/vaadin-select",
        "@vaadin/vaadin-split-layout": "$@vaadin/vaadin-split-layout",
        "@vaadin/vaadin-tabs": "$@vaadin/vaadin-tabs",
        "@vaadin/vaadin-template-renderer": "$@vaadin/vaadin-template-renderer",
        "@vaadin/vaadin-text-field": "$@vaadin/vaadin-text-field",
        "@vaadin/vaadin-themable-mixin": "$@vaadin/vaadin-themable-mixin",
        "@vaadin/vaadin-time-picker": "$@vaadin/vaadin-time-picker",
        "@vaadin/vaadin-upload": "$@vaadin/vaadin-upload",
        "@vaadin/vaadin-usage-statistics": "$@vaadin/vaadin-usage-statistics",
        "@vaadin/vaadin-virtual-list": "$@vaadin/vaadin-virtual-list",
        "@vaadin/vertical-layout": "$@vaadin/vertical-layout",
        "@vaadin/virtual-list": "$@vaadin/virtual-list",
        "@vaadin/board": "$@vaadin/board",
        "@vaadin/charts": "$@vaadin/charts",
        "@vaadin/confirm-dialog": "$@vaadin/confirm-dialog",
        "@vaadin/cookie-consent": "$@vaadin/cookie-consent",
        "@vaadin/crud": "$@vaadin/crud",
        "@vaadin/grid-pro": "$@vaadin/grid-pro",
        "@vaadin/map": "$@vaadin/map",
        "@vaadin/rich-text-editor": "$@vaadin/rich-text-editor",
        "@vaadin/vaadin-board": "$@vaadin/vaadin-board",
        "@vaadin/vaadin-charts": "$@vaadin/vaadin-charts",
        "@vaadin/vaadin-confirm-dialog": "$@vaadin/vaadin-confirm-dialog",
        "@vaadin/vaadin-cookie-consent": "$@vaadin/vaadin-cookie-consent",
        "@vaadin/vaadin-crud": "$@vaadin/vaadin-crud",
        "@vaadin/vaadin-grid-pro": "$@vaadin/vaadin-grid-pro",
        "@vaadin/vaadin-rich-text-editor": "$@vaadin/vaadin-rich-text-editor",
        "@vaadin/common-frontend": "$@vaadin/common-frontend",
        "construct-style-sheets-polyfill": "$construct-style-sheets-polyfill",
        "lit": "$lit",
        "@polymer/polymer": "$@polymer/polymer",
        "chokidar": "$chokidar",
        "date-fns": "$date-fns"
      }
    },
    "prefix": "D:\\Projekty_Java\\Spring_Boot_2\\hosting zdjec"
  },
  "4 debug pnpm:context": {
    "currentLockfileExists": false,
    "storeDir": "D:\\.pnpm-store\\v3",
    "virtualStoreDir": "D:\\Projekty_Java\\Spring_Boot_2\\hosting zdjec\\node_modules\\.pnpm"
  },
  "5 debug pnpm:stage": {
    "prefix": "D:\\Projekty_Java\\Spring_Boot_2\\hosting zdjec",
    "stage": "resolution_started"
  },
  "6 error pnpm": {
    "message": {
      "code": "ERR_PNPM_NO_IMPORTER_MANIFEST_FOUND",
      "pkgsStack": []
    },
    "err": {
      "name": "Error",
      "message": "No package.json (or package.yaml, or package.json5) was found in \"D:\\Projekty_Java\\Spring_Boot_2\\hosting zdjec\\target\\plugins\\application-theme-plugin\".",
      "code": "ERR_PNPM_NO_IMPORTER_MANIFEST_FOUND",
      "stack": "Error: No package.json (or package.yaml, or package.json5) was found in \"D:\\Projekty_Java\\Spring_Boot_2\\hosting zdjec\\target\\plugins\\application-theme-plugin\".\n    at readProjectManifest (C:\\Users\\Tomek\\AppData\\Roaming\\npm-cache\\_npx\\16872\\node_modules\\pnpm\\dist\\pnpm.js:43174:11)\n    at async Object.readProjectManifestOnly (C:\\Users\\Tomek\\AppData\\Roaming\\npm-cache\\_npx\\16872\\node_modules\\pnpm\\dist\\pnpm.js:43178:24)\n    at async Object.resolveLocal [as default] (C:\\Users\\Tomek\\AppData\\Roaming\\npm-cache\\_npx\\16872\\node_modules\\pnpm\\dist\\pnpm.js:72178:33)\n    at async Object.resolve (C:\\Users\\Tomek\\AppData\\Roaming\\npm-cache\\_npx\\16872\\node_modules\\pnpm\\dist\\pnpm.js:73098:307)\n    at async run (C:\\Users\\Tomek\\AppData\\Roaming\\npm-cache\\_npx\\16872\\node_modules\\pnpm\\dist\\pnpm.js:83441:21)"
    }
  }
}